<?xml version="1.0" encoding="UTF-8" ?>
<testsuite failures="0" time="3.443" errors="0" skipped="0" tests="2" name="com.correlatesystems.red5load.tests.TestRTMPClient">
  <properties>
    <property name="java.runtime.name" value="Java(TM) SE Runtime Environment"/>
    <property name="sun.boot.library.path" value="/usr/lib/jvm/java-6-sun-1.6.0.22/jre/lib/amd64"/>
    <property name="java.vm.version" value="17.1-b03"/>
    <property name="java.vm.vendor" value="Sun Microsystems Inc."/>
    <property name="java.vendor.url" value="http://java.sun.com/"/>
    <property name="path.separator" value=":"/>
    <property name="java.vm.name" value="Java HotSpot(TM) 64-Bit Server VM"/>
    <property name="file.encoding.pkg" value="sun.io"/>
    <property name="user.country" value="US"/>
    <property name="sun.java.launcher" value="SUN_STANDARD"/>
    <property name="sun.os.patch.level" value="unknown"/>
    <property name="java.vm.specification.name" value="Java Virtual Machine Specification"/>
    <property name="user.dir" value="/home/revprez/dev/scm/hg/red5load/red5load"/>
    <property name="java.runtime.version" value="1.6.0_22-b04"/>
    <property name="java.awt.graphicsenv" value="sun.awt.X11GraphicsEnvironment"/>
    <property name="basedir" value="/home/revprez/dev/scm/hg/red5load/red5load"/>
    <property name="java.endorsed.dirs" value="/usr/lib/jvm/java-6-sun-1.6.0.22/jre/lib/endorsed"/>
    <property name="os.arch" value="amd64"/>
    <property name="surefire.real.class.path" value="/tmp/surefirebooter6587362852979912231.jar"/>
    <property name="java.io.tmpdir" value="/tmp"/>
    <property name="line.separator" value="
"/>
    <property name="java.vm.specification.vendor" value="Sun Microsystems Inc."/>
    <property name="os.name" value="Linux"/>
    <property name="sun.jnu.encoding" value="UTF-8"/>
    <property name="java.library.path" value="/usr/lib/jvm/java-6-sun-1.6.0.22/jre/lib/amd64/server:/usr/lib/jvm/java-6-sun-1.6.0.22/jre/lib/amd64:/usr/lib/jvm/java-6-sun-1.6.0.22/jre/../lib/amd64:/usr/java/packages/lib/amd64:/usr/lib64:/lib64:/lib:/usr/lib"/>
    <property name="surefire.test.class.path" value="/home/revprez/dev/scm/hg/red5load/red5load/target/test-classes:/home/revprez/dev/scm/hg/red5load/red5load/target/classes:/home/revprez/.m2/repository/com/correlatesystems/red5load/red5/1.0.0-SNAPSHOT/red5-1.0.0-SNAPSHOT-server.jar:/home/revprez/.m2/repository/org/antlr/antlr/3.1.3/antlr-3.1.3.jar:/home/revprez/.m2/repository/org/antlr/antlr-runtime/3.1.3/antlr-runtime-3.1.3.jar:/home/revprez/.m2/repository/org/antlr/stringtemplate/3.2/stringtemplate-3.2.jar:/home/revprez/.m2/repository/antlr/antlr/2.7.7/antlr-2.7.7.jar:/home/revprez/.m2/repository/asm/asm/3.1/asm-3.1.jar:/home/revprez/.m2/repository/asm/asm-commons/3.1/asm-commons-3.1.jar:/home/revprez/.m2/repository/asm/asm-tree/3.1/asm-tree-3.1.jar:/home/revprez/.m2/repository/org/bouncycastle/bcprov-jdk16/1.45/bcprov-jdk16-1.45.jar:/home/revprez/.m2/repository/org/apache/tomcat/catalina/6.0.24/catalina-6.0.24.jar:/home/revprez/.m2/repository/org/apache/tomcat/servlet-api/6.0.24/servlet-api-6.0.24.jar:/home/revprez/.m2/repository/org/apache/tomcat/juli/6.0.24/juli-6.0.24.jar:/home/revprez/.m2/repository/org/apache/tomcat/annotations-api/6.0.24/annotations-api-6.0.24.jar:/home/revprez/.m2/repository/commons-beanutils/commons-beanutils/1.8.0/commons-beanutils-1.8.0.jar:/home/revprez/.m2/repository/commons-logging/commons-logging/1.1.1/commons-logging-1.1.1.jar:/home/revprez/.m2/repository/commons-codec/commons-codec/1.4/commons-codec-1.4.jar:/home/revprez/.m2/repository/commons-collections/commons-collections/3.2.1/commons-collections-3.2.1.jar:/home/revprez/.m2/repository/commons-httpclient/commons-httpclient/3.1/commons-httpclient-3.1.jar:/home/revprez/.m2/repository/commons-lang/commons-lang/2.4/commons-lang-2.4.jar:/home/revprez/.m2/repository/commons-modeler/commons-modeler/2.0.1/commons-modeler-2.0.1.jar:/home/revprez/.m2/repository/commons-digester/commons-digester/1.4.1/commons-digester-1.4.1.jar:/home/revprez/.m2/repository/xml-apis/xml-apis/1.3.04/xml-apis-1.3.04.jar:/home/revprez/.m2/repository/commons-logging/commons-logging-api/1.0.4/commons-logging-api-1.0.4.jar:/home/revprez/.m2/repository/commons-pool/commons-pool/1.4/commons-pool-1.4.jar:/home/revprez/.m2/repository/net/sf/ehcache/ehcache/1.6.2/ehcache-1.6.2.jar:/home/revprez/.m2/repository/org/codehaus/groovy/groovy-all/1.5.7/groovy-all-1.5.7.jar:/home/revprez/.m2/repository/junit/junit/4.8.1/junit-4.8.1.jar:/home/revprez/.m2/repository/org/apache/ant/ant/1.7.0/ant-1.7.0.jar:/home/revprez/.m2/repository/org/apache/ant/ant-launcher/1.7.0/ant-launcher-1.7.0.jar:/home/revprez/.m2/repository/jline/jline/0.9.94/jline-0.9.94.jar:/home/revprez/.m2/repository/org/apache/ivy/ivy/2.1.0/ivy-2.1.0.jar:/home/revprez/.m2/repository/org/apache/tomcat/jasper/6.0.24/jasper-6.0.24.jar:/home/revprez/.m2/repository/org/apache/tomcat/jsp-api/6.0.24/jsp-api-6.0.24.jar:/home/revprez/.m2/repository/org/apache/tomcat/el-api/6.0.24/el-api-6.0.24.jar:/home/revprez/.m2/repository/org/apache/tomcat/jasper-jdt/6.0.24/jasper-jdt-6.0.24.jar:/home/revprez/.m2/repository/org/apache/tomcat/jasper-el/6.0.24/jasper-el-6.0.24.jar:/home/revprez/.m2/repository/org/jaudiotagger/jaudiotagger/1.0.8/jaudiotagger-1.0.8.jar:/home/revprez/.m2/repository/org/ow2/jonas/osgi/javaee-api/5.1.1/javaee-api-5.1.1.jar:/home/revprez/.m2/repository/org/ow2/spec/ee/ow2-ejb-3.0-spec/1.0.2/ow2-ejb-3.0-spec-1.0.2.jar:/home/revprez/.m2/repository/org/ow2/spec/ee/ow2-jpa-1.0-spec/1.0.2/ow2-jpa-1.0-spec-1.0.2.jar:/home/revprez/.m2/repository/org/ow2/spec/ee/ow2-connector-1.5-spec/1.0.2/ow2-connector-1.5-spec-1.0.2.jar:/home/revprez/.m2/repository/org/ow2/spec/ee/ow2-jta-1.1-spec/1.0.2/ow2-jta-1.1-spec-1.0.2.jar:/home/revprez/.m2/repository/org/ow2/spec/ee/ow2-deployment-1.2-spec/1.0.2/ow2-deployment-1.2-spec-1.0.2.jar:/home/revprez/.m2/repository/org/ow2/spec/ee/ow2-jsr77-1.1-spec/1.0.2/ow2-jsr77-1.1-spec-1.0.2.jar:/home/revprez/.m2/repository/org/apache/axis/axis-jaxrpc/1.4/axis-jaxrpc-1.4.jar:/home/revprez/.m2/repository/wsdl4j/wsdl4j/1.6.1/wsdl4j-1.6.1.jar:/home/revprez/.m2/repository/org/mortbay/jetty/jsp-api-2.1/6.1.5/jsp-api-2.1-6.1.5.jar:/home/revprez/.m2/repository/org/apache/geronimo/specs/geronimo-jaxr_1.0_spec/1.1/geronimo-jaxr_1.0_spec-1.1.jar:/home/revprez/.m2/repository/org/apache/geronimo/specs/geronimo-ws-metadata_2.0_spec/1.1.2/geronimo-ws-metadata_2.0_spec-1.1.2.jar:/home/revprez/.m2/repository/org/apache/geronimo/specs/geronimo-stax-api_1.0_spec/1.0.1/geronimo-stax-api_1.0_spec-1.0.1.jar:/home/revprez/.m2/repository/javax/security/jacc/1.1/jacc-1.1.jar:/home/revprez/.m2/repository/javax/mail/mail/1.4/mail-1.4.jar:/home/revprez/.m2/repository/javax/activation/activation/1.1/activation-1.1.jar:/home/revprez/.m2/repository/org/apache/geronimo/specs/geronimo-jms_1.1_spec/1.1.1/geronimo-jms_1.1_spec-1.1.1.jar:/home/revprez/.m2/repository/javax/xml/ws/jaxws-api/2.0/jaxws-api-2.0.jar:/home/revprez/.m2/repository/org/apache/servicemix/specs/org.apache.servicemix.specs.jaxb-api-2.1/1.2.0/org.apache.servicemix.specs.jaxb-api-2.1-1.2.0.jar:/home/revprez/.m2/repository/javax/xml/soap/com.springsource.javax.xml.soap/1.3.0/com.springsource.javax.xml.soap-1.3.0.jar:/home/revprez/.m2/repository/javax/faces/jsf-api/1.2_08/jsf-api-1.2_08.jar:/home/revprez/.m2/repository/javax/faces/jsf-impl/1.2_08/jsf-impl-1.2_08.jar:/home/revprez/.m2/repository/org/slf4j/jcl-over-slf4j/1.5.10/jcl-over-slf4j-1.5.10.jar:/home/revprez/.m2/repository/org/slf4j/slf4j-api/1.5.10/slf4j-api-1.5.10.jar:/home/revprez/.m2/repository/org/jruby/jruby-complete/1.1.6/jruby-complete-1.1.6.jar:/home/revprez/.m2/repository/com/sun/script/jruby/jruby-engine/1.1.7/jruby-engine-1.1.7.jar:/home/revprez/.m2/repository/org/jruby/jruby/1.3.1/jruby-1.3.1.jar:/home/revprez/.m2/repository/org/slf4j/jul-to-slf4j/1.5.10/jul-to-slf4j-1.5.10.jar:/home/revprez/.m2/repository/org/python/jython/2.5.0/jython-2.5.0.jar:/home/revprez/.m2/repository/org/slf4j/log4j-over-slf4j/1.5.10/log4j-over-slf4j-1.5.10.jar:/home/revprez/.m2/repository/ch/qos/logback/logback-classic/0.9.18/logback-classic-0.9.18.jar:/home/revprez/.m2/repository/ch/qos/logback/logback-core/0.9.18/logback-core-0.9.18.jar:/home/revprez/.m2/repository/org/apache/mina/mina-core/2.0.0-RC1/mina-core-2.0.0-RC1.jar:/home/revprez/.m2/repository/org/apache/mina/mina-integration-beans/2.0.0-RC1/mina-integration-beans-2.0.0-RC1.jar:/home/revprez/.m2/repository/org/apache/mina/mina-integration-jmx/2.0.0-RC1/mina-integration-jmx-2.0.0-RC1.jar:/home/revprez/.m2/repository/org/apache/mina/mina-integration-ognl/2.0.0-RC1/mina-integration-ognl-2.0.0-RC1.jar:/home/revprez/.m2/repository/ognl/ognl/2.7.2/ognl-2.7.2.jar:/home/revprez/.m2/repository/jboss/javassist/3.7.ga/javassist-3.7.ga.jar:/home/revprez/.m2/repository/org/opensymphony/quartz/quartz/1.6.5/quartz-1.6.5.jar:/home/revprez/.m2/repository/org/springframework/spring-asm/3.0.0.RELEASE/spring-asm-3.0.0.RELEASE.jar:/home/revprez/.m2/repository/org/springframework/spring-beans/3.0.0.RELEASE/spring-beans-3.0.0.RELEASE.jar:/home/revprez/.m2/repository/org/springframework/spring-core/3.0.0.RELEASE/spring-core-3.0.0.RELEASE.jar:/home/revprez/.m2/repository/org/springframework/spring-context/3.0.0.RELEASE/spring-context-3.0.0.RELEASE.jar:/home/revprez/.m2/repository/org/springframework/spring-expression/3.0.0.RELEASE/spring-expression-3.0.0.RELEASE.jar:/home/revprez/.m2/repository/org/springframework/spring-context-support/3.0.0.RELEASE/spring-context-support-3.0.0.RELEASE.jar:/home/revprez/.m2/repository/org/springframework/spring-web/3.0.0.RELEASE/spring-web-3.0.0.RELEASE.jar:/home/revprez/.m2/repository/aopalliance/aopalliance/1.0/aopalliance-1.0.jar:/home/revprez/.m2/repository/org/apache/tomcat/tomcat-coyote/7.0.6/tomcat-coyote-7.0.6.jar:/home/revprez/.m2/repository/org/apache/tomcat/tomcat-juli/7.0.6/tomcat-juli-7.0.6.jar:/home/revprez/.m2/repository/xerces/xercesImpl/2.9.1/xercesImpl-2.9.1.jar:/home/revprez/.m2/repository/xmlrpc/xmlrpc/2.0.1/xmlrpc-2.0.1.jar:"/>
    <property name="java.specification.name" value="Java Platform API Specification"/>
    <property name="java.class.version" value="50.0"/>
    <property name="sun.management.compiler" value="HotSpot 64-Bit Server Compiler"/>
    <property name="os.version" value="2.6.35-25-generic"/>
    <property name="user.home" value="/home/revprez"/>
    <property name="user.timezone" value="America/New_York"/>
    <property name="java.awt.printerjob" value="sun.print.PSPrinterJob"/>
    <property name="file.encoding" value="UTF-8"/>
    <property name="java.specification.version" value="1.6"/>
    <property name="user.name" value="revprez"/>
    <property name="java.class.path" value="/home/revprez/dev/scm/hg/red5load/red5load/target/test-classes:/home/revprez/dev/scm/hg/red5load/red5load/target/classes:/home/revprez/.m2/repository/com/correlatesystems/red5load/red5/1.0.0-SNAPSHOT/red5-1.0.0-SNAPSHOT-server.jar:/home/revprez/.m2/repository/org/antlr/antlr/3.1.3/antlr-3.1.3.jar:/home/revprez/.m2/repository/org/antlr/antlr-runtime/3.1.3/antlr-runtime-3.1.3.jar:/home/revprez/.m2/repository/org/antlr/stringtemplate/3.2/stringtemplate-3.2.jar:/home/revprez/.m2/repository/antlr/antlr/2.7.7/antlr-2.7.7.jar:/home/revprez/.m2/repository/asm/asm/3.1/asm-3.1.jar:/home/revprez/.m2/repository/asm/asm-commons/3.1/asm-commons-3.1.jar:/home/revprez/.m2/repository/asm/asm-tree/3.1/asm-tree-3.1.jar:/home/revprez/.m2/repository/org/bouncycastle/bcprov-jdk16/1.45/bcprov-jdk16-1.45.jar:/home/revprez/.m2/repository/org/apache/tomcat/catalina/6.0.24/catalina-6.0.24.jar:/home/revprez/.m2/repository/org/apache/tomcat/servlet-api/6.0.24/servlet-api-6.0.24.jar:/home/revprez/.m2/repository/org/apache/tomcat/juli/6.0.24/juli-6.0.24.jar:/home/revprez/.m2/repository/org/apache/tomcat/annotations-api/6.0.24/annotations-api-6.0.24.jar:/home/revprez/.m2/repository/commons-beanutils/commons-beanutils/1.8.0/commons-beanutils-1.8.0.jar:/home/revprez/.m2/repository/commons-logging/commons-logging/1.1.1/commons-logging-1.1.1.jar:/home/revprez/.m2/repository/commons-codec/commons-codec/1.4/commons-codec-1.4.jar:/home/revprez/.m2/repository/commons-collections/commons-collections/3.2.1/commons-collections-3.2.1.jar:/home/revprez/.m2/repository/commons-httpclient/commons-httpclient/3.1/commons-httpclient-3.1.jar:/home/revprez/.m2/repository/commons-lang/commons-lang/2.4/commons-lang-2.4.jar:/home/revprez/.m2/repository/commons-modeler/commons-modeler/2.0.1/commons-modeler-2.0.1.jar:/home/revprez/.m2/repository/commons-digester/commons-digester/1.4.1/commons-digester-1.4.1.jar:/home/revprez/.m2/repository/xml-apis/xml-apis/1.3.04/xml-apis-1.3.04.jar:/home/revprez/.m2/repository/commons-logging/commons-logging-api/1.0.4/commons-logging-api-1.0.4.jar:/home/revprez/.m2/repository/commons-pool/commons-pool/1.4/commons-pool-1.4.jar:/home/revprez/.m2/repository/net/sf/ehcache/ehcache/1.6.2/ehcache-1.6.2.jar:/home/revprez/.m2/repository/org/codehaus/groovy/groovy-all/1.5.7/groovy-all-1.5.7.jar:/home/revprez/.m2/repository/junit/junit/4.8.1/junit-4.8.1.jar:/home/revprez/.m2/repository/org/apache/ant/ant/1.7.0/ant-1.7.0.jar:/home/revprez/.m2/repository/org/apache/ant/ant-launcher/1.7.0/ant-launcher-1.7.0.jar:/home/revprez/.m2/repository/jline/jline/0.9.94/jline-0.9.94.jar:/home/revprez/.m2/repository/org/apache/ivy/ivy/2.1.0/ivy-2.1.0.jar:/home/revprez/.m2/repository/org/apache/tomcat/jasper/6.0.24/jasper-6.0.24.jar:/home/revprez/.m2/repository/org/apache/tomcat/jsp-api/6.0.24/jsp-api-6.0.24.jar:/home/revprez/.m2/repository/org/apache/tomcat/el-api/6.0.24/el-api-6.0.24.jar:/home/revprez/.m2/repository/org/apache/tomcat/jasper-jdt/6.0.24/jasper-jdt-6.0.24.jar:/home/revprez/.m2/repository/org/apache/tomcat/jasper-el/6.0.24/jasper-el-6.0.24.jar:/home/revprez/.m2/repository/org/jaudiotagger/jaudiotagger/1.0.8/jaudiotagger-1.0.8.jar:/home/revprez/.m2/repository/org/ow2/jonas/osgi/javaee-api/5.1.1/javaee-api-5.1.1.jar:/home/revprez/.m2/repository/org/ow2/spec/ee/ow2-ejb-3.0-spec/1.0.2/ow2-ejb-3.0-spec-1.0.2.jar:/home/revprez/.m2/repository/org/ow2/spec/ee/ow2-jpa-1.0-spec/1.0.2/ow2-jpa-1.0-spec-1.0.2.jar:/home/revprez/.m2/repository/org/ow2/spec/ee/ow2-connector-1.5-spec/1.0.2/ow2-connector-1.5-spec-1.0.2.jar:/home/revprez/.m2/repository/org/ow2/spec/ee/ow2-jta-1.1-spec/1.0.2/ow2-jta-1.1-spec-1.0.2.jar:/home/revprez/.m2/repository/org/ow2/spec/ee/ow2-deployment-1.2-spec/1.0.2/ow2-deployment-1.2-spec-1.0.2.jar:/home/revprez/.m2/repository/org/ow2/spec/ee/ow2-jsr77-1.1-spec/1.0.2/ow2-jsr77-1.1-spec-1.0.2.jar:/home/revprez/.m2/repository/org/apache/axis/axis-jaxrpc/1.4/axis-jaxrpc-1.4.jar:/home/revprez/.m2/repository/wsdl4j/wsdl4j/1.6.1/wsdl4j-1.6.1.jar:/home/revprez/.m2/repository/org/mortbay/jetty/jsp-api-2.1/6.1.5/jsp-api-2.1-6.1.5.jar:/home/revprez/.m2/repository/org/apache/geronimo/specs/geronimo-jaxr_1.0_spec/1.1/geronimo-jaxr_1.0_spec-1.1.jar:/home/revprez/.m2/repository/org/apache/geronimo/specs/geronimo-ws-metadata_2.0_spec/1.1.2/geronimo-ws-metadata_2.0_spec-1.1.2.jar:/home/revprez/.m2/repository/org/apache/geronimo/specs/geronimo-stax-api_1.0_spec/1.0.1/geronimo-stax-api_1.0_spec-1.0.1.jar:/home/revprez/.m2/repository/javax/security/jacc/1.1/jacc-1.1.jar:/home/revprez/.m2/repository/javax/mail/mail/1.4/mail-1.4.jar:/home/revprez/.m2/repository/javax/activation/activation/1.1/activation-1.1.jar:/home/revprez/.m2/repository/org/apache/geronimo/specs/geronimo-jms_1.1_spec/1.1.1/geronimo-jms_1.1_spec-1.1.1.jar:/home/revprez/.m2/repository/javax/xml/ws/jaxws-api/2.0/jaxws-api-2.0.jar:/home/revprez/.m2/repository/org/apache/servicemix/specs/org.apache.servicemix.specs.jaxb-api-2.1/1.2.0/org.apache.servicemix.specs.jaxb-api-2.1-1.2.0.jar:/home/revprez/.m2/repository/javax/xml/soap/com.springsource.javax.xml.soap/1.3.0/com.springsource.javax.xml.soap-1.3.0.jar:/home/revprez/.m2/repository/javax/faces/jsf-api/1.2_08/jsf-api-1.2_08.jar:/home/revprez/.m2/repository/javax/faces/jsf-impl/1.2_08/jsf-impl-1.2_08.jar:/home/revprez/.m2/repository/org/slf4j/jcl-over-slf4j/1.5.10/jcl-over-slf4j-1.5.10.jar:/home/revprez/.m2/repository/org/slf4j/slf4j-api/1.5.10/slf4j-api-1.5.10.jar:/home/revprez/.m2/repository/org/jruby/jruby-complete/1.1.6/jruby-complete-1.1.6.jar:/home/revprez/.m2/repository/com/sun/script/jruby/jruby-engine/1.1.7/jruby-engine-1.1.7.jar:/home/revprez/.m2/repository/org/jruby/jruby/1.3.1/jruby-1.3.1.jar:/home/revprez/.m2/repository/org/slf4j/jul-to-slf4j/1.5.10/jul-to-slf4j-1.5.10.jar:/home/revprez/.m2/repository/org/python/jython/2.5.0/jython-2.5.0.jar:/home/revprez/.m2/repository/org/slf4j/log4j-over-slf4j/1.5.10/log4j-over-slf4j-1.5.10.jar:/home/revprez/.m2/repository/ch/qos/logback/logback-classic/0.9.18/logback-classic-0.9.18.jar:/home/revprez/.m2/repository/ch/qos/logback/logback-core/0.9.18/logback-core-0.9.18.jar:/home/revprez/.m2/repository/org/apache/mina/mina-core/2.0.0-RC1/mina-core-2.0.0-RC1.jar:/home/revprez/.m2/repository/org/apache/mina/mina-integration-beans/2.0.0-RC1/mina-integration-beans-2.0.0-RC1.jar:/home/revprez/.m2/repository/org/apache/mina/mina-integration-jmx/2.0.0-RC1/mina-integration-jmx-2.0.0-RC1.jar:/home/revprez/.m2/repository/org/apache/mina/mina-integration-ognl/2.0.0-RC1/mina-integration-ognl-2.0.0-RC1.jar:/home/revprez/.m2/repository/ognl/ognl/2.7.2/ognl-2.7.2.jar:/home/revprez/.m2/repository/jboss/javassist/3.7.ga/javassist-3.7.ga.jar:/home/revprez/.m2/repository/org/opensymphony/quartz/quartz/1.6.5/quartz-1.6.5.jar:/home/revprez/.m2/repository/org/springframework/spring-asm/3.0.0.RELEASE/spring-asm-3.0.0.RELEASE.jar:/home/revprez/.m2/repository/org/springframework/spring-beans/3.0.0.RELEASE/spring-beans-3.0.0.RELEASE.jar:/home/revprez/.m2/repository/org/springframework/spring-core/3.0.0.RELEASE/spring-core-3.0.0.RELEASE.jar:/home/revprez/.m2/repository/org/springframework/spring-context/3.0.0.RELEASE/spring-context-3.0.0.RELEASE.jar:/home/revprez/.m2/repository/org/springframework/spring-expression/3.0.0.RELEASE/spring-expression-3.0.0.RELEASE.jar:/home/revprez/.m2/repository/org/springframework/spring-context-support/3.0.0.RELEASE/spring-context-support-3.0.0.RELEASE.jar:/home/revprez/.m2/repository/org/springframework/spring-web/3.0.0.RELEASE/spring-web-3.0.0.RELEASE.jar:/home/revprez/.m2/repository/aopalliance/aopalliance/1.0/aopalliance-1.0.jar:/home/revprez/.m2/repository/org/apache/tomcat/tomcat-coyote/7.0.6/tomcat-coyote-7.0.6.jar:/home/revprez/.m2/repository/org/apache/tomcat/tomcat-juli/7.0.6/tomcat-juli-7.0.6.jar:/home/revprez/.m2/repository/xerces/xercesImpl/2.9.1/xercesImpl-2.9.1.jar:/home/revprez/.m2/repository/xmlrpc/xmlrpc/2.0.1/xmlrpc-2.0.1.jar:"/>
    <property name="java.vm.specification.version" value="1.0"/>
    <property name="sun.arch.data.model" value="64"/>
    <property name="java.home" value="/usr/lib/jvm/java-6-sun-1.6.0.22/jre"/>
    <property name="java.specification.vendor" value="Sun Microsystems Inc."/>
    <property name="user.language" value="en"/>
    <property name="java.vm.info" value="mixed mode"/>
    <property name="java.version" value="1.6.0_22"/>
    <property name="java.ext.dirs" value="/usr/lib/jvm/java-6-sun-1.6.0.22/jre/lib/ext:/usr/java/packages/lib/ext"/>
    <property name="sun.boot.class.path" value="/usr/lib/jvm/java-6-sun-1.6.0.22/jre/lib/resources.jar:/usr/lib/jvm/java-6-sun-1.6.0.22/jre/lib/rt.jar:/usr/lib/jvm/java-6-sun-1.6.0.22/jre/lib/sunrsasign.jar:/usr/lib/jvm/java-6-sun-1.6.0.22/jre/lib/jsse.jar:/usr/lib/jvm/java-6-sun-1.6.0.22/jre/lib/jce.jar:/usr/lib/jvm/java-6-sun-1.6.0.22/jre/lib/charsets.jar:/usr/lib/jvm/java-6-sun-1.6.0.22/jre/classes"/>
    <property name="java.vendor" value="Sun Microsystems Inc."/>
    <property name="localRepository" value="/home/revprez/.m2/repository"/>
    <property name="file.separator" value="/"/>
    <property name="java.vendor.url.bug" value="http://java.sun.com/cgi-bin/bugreport.cgi"/>
    <property name="sun.cpu.endian" value="little"/>
    <property name="sun.io.unicode.encoding" value="UnicodeLittle"/>
    <property name="sun.desktop" value="gnome"/>
    <property name="sun.cpu.isalist" value=""/>
  </properties>
  <testcase time="0.052" classname="com.correlatesystems.red5load.tests.TestRTMPClient" name="testClientAvailable"/>
  <testcase time="3.162" classname="com.correlatesystems.red5load.tests.TestRTMPClient" name="testClientRecord"/>
</testsuite>